<?xml version="1.0" encoding="UTF-8"?>
<!-- Generated by org.testng.reporters.JUnitReportReporter -->
<testsuite hostname="DESKTOP-MTICK8R" failures="0" tests="1" name="com.hms.jenkins.sample1" time="0.028" errors="0" timestamp="2023-10-01T09:40:30 GMT-07:00" skipped="0">
  <testcase classname="com.hms.jenkins.sample1" name="sample" time="0.028"/>
  <system-out/>
</testsuite> <!-- com.hms.jenkins.sample1 -->
